pixpin-build/app/intermediates/manifest_merge_blame_file/debug/processDebugMainManifest/manifest-merger-blame-debug-report.txt
1<?xml version="1.0" encoding="utf-8"?>
2<manifest xmlns:android="http://schemas.android.com/apk/res/android"
3    package="com.forge.pixpin"
4    android:versionCode="11"
5    android:versionName="0.4.0" >
6
7    <uses-sdk
7-->INJECTED
8        android:minSdkVersion="29"
8-->INJECTED
9        android:targetSdkVersion="36" />
9-->INJECTED
10
11    <uses-permission android:name="android.permission.SYSTEM_ALERT_WINDOW" />
11-->src/main/AndroidManifest.xml:4:5-78
11-->src/main/AndroidManifest.xml:4:22-75
12    <uses-permission android:name="android.permission.FOREGROUND_SERVICE" />
12-->src/main/AndroidManifest.xml:5:5-77
12-->src/main/AndroidManifest.xml:5:22-74
13    <uses-permission android:name="android.permission.FOREGROUND_SERVICE_MEDIA_PROJECTION" />
13-->src/main/AndroidManifest.xml:6:5-94
13-->src/main/AndroidManifest.xml:6:22-91
14    <uses-permission android:name="android.permission.FOREGROUND_SERVICE_SPECIAL_USE" />
14-->src/main/AndroidManifest.xml:7:5-89
14-->src/main/AndroidManifest.xml:7:22-86
15    <uses-permission android:name="android.permission.POST_NOTIFICATIONS" />
15-->src/main/AndroidManifest.xml:8:5-77
15-->src/main/AndroidManifest.xml:8:22-74
16    <uses-permission android:name="android.permission.RECEIVE_BOOT_COMPLETED" />
16-->src/main/AndroidManifest.xml:9:5-81
16-->src/main/AndroidManifest.xml:9:22-78
17
18    <permission
18-->[androidx.core:core:1.16.0] AndroidManifest.xml:22:5-24:47
19        android:name="com.forge.pixpin.DYNAMIC_RECEIVER_NOT_EXPORTED_PERMISSION"
19-->[androidx.core:core:1.16.0] AndroidManifest.xml:23:9-81
20        android:protectionLevel="signature" />
20-->[androidx.core:core:1.16.0] AndroidManifest.xml:24:9-44
21
22    <uses-permission android:name="com.forge.pixpin.DYNAMIC_RECEIVER_NOT_EXPORTED_PERMISSION" />
22-->[androidx.core:core:1.16.0] AndroidManifest.xml:26:5-97
22-->[androidx.core:core:1.16.0] AndroidManifest.xml:26:22-94
23
24    <application
24-->src/main/AndroidManifest.xml:11:5-138:19
25        android:name="com.forge.pixpin.PixPinApp"
25-->src/main/AndroidManifest.xml:12:9-34
26        android:allowBackup="true"
26-->src/main/AndroidManifest.xml:13:9-35
27        android:appComponentFactory="androidx.core.app.CoreComponentFactory"
27-->[androidx.core:core:1.16.0] AndroidManifest.xml:28:18-86
28        android:debuggable="true"
29        android:extractNativeLibs="false"
29-->INJECTED
30        android:icon="@mipmap/ic_launcher"
30-->src/main/AndroidManifest.xml:14:9-43
31        android:label="@string/app_name"
31-->src/main/AndroidManifest.xml:15:9-41
32        android:supportsRtl="true"
32-->src/main/AndroidManifest.xml:16:9-35
33        android:theme="@style/Theme.PixPin" >
33-->src/main/AndroidManifest.xml:17:9-44
34        <property
34-->src/main/AndroidManifest.xml:19:9-21:84
35            android:name="android.app.PROPERTY_SPECIAL_USE_FGS_SUBTYPE"
35-->src/main/AndroidManifest.xml:20:13-72
36            android:value="Floating overlay pins and quick capture entry points" />
36-->src/main/AndroidManifest.xml:21:13-81
37
38        <activity
38-->src/main/AndroidManifest.xml:23:9-32:20
39            android:name="com.forge.pixpin.MainActivity"
39-->src/main/AndroidManifest.xml:24:13-41
40            android:configChanges="orientation|screenSize|screenLayout|smallestScreenSize|keyboardHidden"
40-->src/main/AndroidManifest.xml:26:13-106
41            android:exported="true"
41-->src/main/AndroidManifest.xml:25:13-36
42            android:launchMode="singleTask" >
42-->src/main/AndroidManifest.xml:27:13-44
43            <intent-filter>
43-->src/main/AndroidManifest.xml:28:13-31:29
44                <action android:name="android.intent.action.MAIN" />
44-->src/main/AndroidManifest.xml:29:17-69
44-->src/main/AndroidManifest.xml:29:25-66
45
46                <category android:name="android.intent.category.LAUNCHER" />
46-->src/main/AndroidManifest.xml:30:17-77
46-->src/main/AndroidManifest.xml:30:27-74
47            </intent-filter>
48        </activity>
49
50        <!--
51            taskAffinity propio: si comparten tarea con MainActivity, lanzarlas
52            desde la bola trae toda la tarea de PixPin al frente y el usuario
53            acaba viendo (y capturando) la propia app en vez de la suya.
54        -->
55        <activity
55-->INJECTED
56            android:name="com.forge.pixpin.capture.ConsentActivity"
56-->src/main/AndroidManifest.xml:40:13-52
57            android:autoRemoveFromRecents="true"
57-->src/main/AndroidManifest.xml:43:13-49
58            android:excludeFromRecents="true"
58-->src/main/AndroidManifest.xml:42:13-46
59            android:exported="false"
59-->src/main/AndroidManifest.xml:41:13-37
60            android:finishOnTaskLaunch="true"
60-->src/main/AndroidManifest.xml:44:13-46
61            android:taskAffinity="com.forge.pixpin.consent"
61-->INJECTED
62            android:theme="@android:style/Theme.Translucent.NoTitleBar" />
62-->src/main/AndroidManifest.xml:46:13-72
63        <activity
63-->INJECTED
64            android:name="com.forge.pixpin.clipboard.ClipboardPinActivity"
64-->src/main/AndroidManifest.xml:49:13-59
65            android:autoRemoveFromRecents="true"
65-->src/main/AndroidManifest.xml:52:13-49
66            android:excludeFromRecents="true"
66-->src/main/AndroidManifest.xml:51:13-46
67            android:exported="false"
67-->src/main/AndroidManifest.xml:50:13-37
68            android:noHistory="true"
68-->src/main/AndroidManifest.xml:53:13-37
69            android:taskAffinity="com.forge.pixpin.clipboard"
69-->INJECTED
70            android:theme="@android:style/Theme.Translucent.NoTitleBar" />
70-->src/main/AndroidManifest.xml:55:13-72
71        <activity
71-->INJECTED
72            android:name="com.forge.pixpin.capture.CaptureActivity"
72-->src/main/AndroidManifest.xml:58:13-52
73            android:autoRemoveFromRecents="true"
73-->src/main/AndroidManifest.xml:61:13-49
74            android:configChanges="orientation|screenSize|screenLayout|smallestScreenSize|keyboardHidden"
74-->src/main/AndroidManifest.xml:63:13-106
75            android:excludeFromRecents="true"
75-->src/main/AndroidManifest.xml:60:13-46
76            android:exported="false"
76-->src/main/AndroidManifest.xml:59:13-37
77            android:taskAffinity="com.forge.pixpin.capture"
77-->INJECTED
78            android:theme="@android:style/Theme.Translucent.NoTitleBar.Fullscreen" />
78-->src/main/AndroidManifest.xml:64:13-83
79
80        <!--
81            El editor del dibujo va a pantalla completa y con taskAffinity
82            propia, como el resto de lo que se lanza desde el overlay. Aquí
83            además interesa que SÍ quede en Recientes: es una sesión de trabajo
84            larga, no un paso intermedio como el consentimiento o la captura.
85        -->
86        <activity
86-->INJECTED
87            android:name="com.forge.pixpin.motor.DrawEditorActivity"
87-->src/main/AndroidManifest.xml:73:13-53
88            android:configChanges="orientation|screenSize|screenLayout|smallestScreenSize|keyboardHidden"
88-->src/main/AndroidManifest.xml:76:13-106
89            android:exported="false"
89-->src/main/AndroidManifest.xml:74:13-37
90            android:taskAffinity="com.forge.pixpin.draw"
90-->INJECTED
91            android:theme="@style/Theme.PixPin"
91-->src/main/AndroidManifest.xml:78:13-48
92            android:windowSoftInputMode="adjustResize" />
92-->src/main/AndroidManifest.xml:77:13-55
93        <activity
93-->INJECTED
94            android:name="com.forge.pixpin.clipboard.ShareReceiverActivity"
94-->src/main/AndroidManifest.xml:81:13-60
95            android:autoRemoveFromRecents="true"
95-->src/main/AndroidManifest.xml:84:13-49
96            android:excludeFromRecents="true"
96-->src/main/AndroidManifest.xml:83:13-46
97            android:exported="true"
97-->src/main/AndroidManifest.xml:82:13-36
98            android:noHistory="true"
98-->src/main/AndroidManifest.xml:85:13-37
99            android:taskAffinity="com.forge.pixpin.share"
99-->INJECTED
100            android:theme="@android:style/Theme.Translucent.NoTitleBar" >
100-->src/main/AndroidManifest.xml:87:13-72
101            <intent-filter>
101-->src/main/AndroidManifest.xml:88:13-92:29
102                <action android:name="android.intent.action.SEND" />
102-->src/main/AndroidManifest.xml:89:17-69
102-->src/main/AndroidManifest.xml:89:25-66
103
104                <category android:name="android.intent.category.DEFAULT" />
104-->src/main/AndroidManifest.xml:90:17-76
104-->src/main/AndroidManifest.xml:90:27-73
105
106                <data android:mimeType="*/*" />
106-->src/main/AndroidManifest.xml:91:17-48
106-->src/main/AndroidManifest.xml:91:23-45
107            </intent-filter>
108            <intent-filter>
108-->src/main/AndroidManifest.xml:93:13-97:29
109                <action android:name="android.intent.action.SEND_MULTIPLE" />
109-->src/main/AndroidManifest.xml:94:17-78
109-->src/main/AndroidManifest.xml:94:25-75
110
111                <category android:name="android.intent.category.DEFAULT" />
111-->src/main/AndroidManifest.xml:90:17-76
111-->src/main/AndroidManifest.xml:90:27-73
112
113                <data android:mimeType="*/*" />
113-->src/main/AndroidManifest.xml:91:17-48
113-->src/main/AndroidManifest.xml:91:23-45
114            </intent-filter>
115        </activity>
116
117        <provider
117-->INJECTED
118            android:name="androidx.core.content.FileProvider"
118-->src/main/AndroidManifest.xml:101:13-62
119            android:authorities="com.forge.pixpin.fileprovider"
119-->INJECTED
120            android:exported="false"
120-->src/main/AndroidManifest.xml:103:13-37
121            android:grantUriPermissions="true" >
121-->src/main/AndroidManifest.xml:104:13-47
122            <meta-data
122-->src/main/AndroidManifest.xml:105:13-107:54
123                android:name="android.support.FILE_PROVIDER_PATHS"
123-->src/main/AndroidManifest.xml:106:17-67
124                android:resource="@xml/file_paths" />
124-->src/main/AndroidManifest.xml:107:17-51
125        </provider>
126
127        <service
127-->src/main/AndroidManifest.xml:110:9-113:58
128            android:name="com.forge.pixpin.floating.PinHostService"
128-->src/main/AndroidManifest.xml:111:13-52
129            android:exported="false"
129-->src/main/AndroidManifest.xml:112:13-37
130            android:foregroundServiceType="specialUse" />
130-->src/main/AndroidManifest.xml:113:13-55
131        <service
131-->src/main/AndroidManifest.xml:115:9-118:63
132            android:name="com.forge.pixpin.capture.CaptureService"
132-->src/main/AndroidManifest.xml:116:13-51
133            android:exported="false"
133-->src/main/AndroidManifest.xml:117:13-37
134            android:foregroundServiceType="mediaProjection" />
134-->src/main/AndroidManifest.xml:118:13-60
135        <service
135-->src/main/AndroidManifest.xml:120:9-129:19
136            android:name="com.forge.pixpin.floating.CaptureTileService"
136-->src/main/AndroidManifest.xml:121:13-56
137            android:exported="true"
137-->src/main/AndroidManifest.xml:122:13-36
138            android:icon="@drawable/ic_launcher_foreground"
138-->src/main/AndroidManifest.xml:123:13-60
139            android:label="@string/app_name"
139-->src/main/AndroidManifest.xml:124:13-45
140            android:permission="android.permission.BIND_QUICK_SETTINGS_TILE" >
140-->src/main/AndroidManifest.xml:125:13-77
141            <intent-filter>
141-->src/main/AndroidManifest.xml:126:13-128:29
142                <action android:name="android.service.quicksettings.action.QS_TILE" />
142-->src/main/AndroidManifest.xml:127:17-87
142-->src/main/AndroidManifest.xml:127:25-84
143            </intent-filter>
144        </service>
145
146        <receiver
146-->src/main/AndroidManifest.xml:131:9-137:20
147            android:name="com.forge.pixpin.pin.BootReceiver"
147-->src/main/AndroidManifest.xml:132:13-45
148            android:exported="true" >
148-->src/main/AndroidManifest.xml:133:13-36
149            <intent-filter>
149-->src/main/AndroidManifest.xml:134:13-136:29
150                <action android:name="android.intent.action.BOOT_COMPLETED" />
150-->src/main/AndroidManifest.xml:135:17-79
150-->src/main/AndroidManifest.xml:135:25-76
151            </intent-filter>
152        </receiver>
153
154        <activity
154-->[androidx.compose.ui:ui-tooling-android:1.10.4] AndroidManifest.xml:23:9-25:39
155            android:name="androidx.compose.ui.tooling.PreviewActivity"
155-->[androidx.compose.ui:ui-tooling-android:1.10.4] AndroidManifest.xml:24:13-71
156            android:exported="true" />
156-->[androidx.compose.ui:ui-tooling-android:1.10.4] AndroidManifest.xml:25:13-36
157
158        <uses-library
158-->[androidx.window:window:1.5.0] AndroidManifest.xml:23:9-25:40
159            android:name="androidx.window.extensions"
159-->[androidx.window:window:1.5.0] AndroidManifest.xml:24:13-54
160            android:required="false" />
160-->[androidx.window:window:1.5.0] AndroidManifest.xml:25:13-37
161        <uses-library
161-->[androidx.window:window:1.5.0] AndroidManifest.xml:26:9-28:40
162            android:name="androidx.window.sidecar"
162-->[androidx.window:window:1.5.0] AndroidManifest.xml:27:13-51
163            android:required="false" />
163-->[androidx.window:window:1.5.0] AndroidManifest.xml:28:13-37
164
165        <provider
165-->[androidx.emoji2:emoji2:1.4.0] AndroidManifest.xml:24:9-32:20
166            android:name="androidx.startup.InitializationProvider"
166-->[androidx.emoji2:emoji2:1.4.0] AndroidManifest.xml:25:13-67
167            android:authorities="com.forge.pixpin.androidx-startup"
167-->[androidx.emoji2:emoji2:1.4.0] AndroidManifest.xml:26:13-68
168            android:exported="false" >
168-->[androidx.emoji2:emoji2:1.4.0] AndroidManifest.xml:27:13-37
169            <meta-data
169-->[androidx.emoji2:emoji2:1.4.0] AndroidManifest.xml:29:13-31:52
170                android:name="androidx.emoji2.text.EmojiCompatInitializer"
170-->[androidx.emoji2:emoji2:1.4.0] AndroidManifest.xml:30:17-75
171                android:value="androidx.startup" />
171-->[androidx.emoji2:emoji2:1.4.0] AndroidManifest.xml:31:17-49
172            <meta-data
172-->[androidx.lifecycle:lifecycle-process:2.9.4] AndroidManifest.xml:29:13-31:52
173                android:name="androidx.lifecycle.ProcessLifecycleInitializer"
173-->[androidx.lifecycle:lifecycle-process:2.9.4] AndroidManifest.xml:30:17-78
174                android:value="androidx.startup" />
174-->[androidx.lifecycle:lifecycle-process:2.9.4] AndroidManifest.xml:31:17-49
175            <meta-data
175-->[androidx.profileinstaller:profileinstaller:1.4.0] AndroidManifest.xml:29:13-31:52
176                android:name="androidx.profileinstaller.ProfileInstallerInitializer"
176-->[androidx.profileinstaller:profileinstaller:1.4.0] AndroidManifest.xml:30:17-85
177                android:value="androidx.startup" />
177-->[androidx.profileinstaller:profileinstaller:1.4.0] AndroidManifest.xml:31:17-49
178        </provider>
179
180        <receiver
180-->[androidx.profileinstaller:profileinstaller:1.4.0] AndroidManifest.xml:34:9-52:20
181            android:name="androidx.profileinstaller.ProfileInstallReceiver"
181-->[androidx.profileinstaller:profileinstaller:1.4.0] AndroidManifest.xml:35:13-76
182            android:directBootAware="false"
182-->[androidx.profileinstaller:profileinstaller:1.4.0] AndroidManifest.xml:36:13-44
183            android:enabled="true"
183-->[androidx.profileinstaller:profileinstaller:1.4.0] AndroidManifest.xml:37:13-35
184            android:exported="true"
184-->[androidx.profileinstaller:profileinstaller:1.4.0] AndroidManifest.xml:38:13-36
185            android:permission="android.permission.DUMP" >
185-->[androidx.profileinstaller:profileinstaller:1.4.0] AndroidManifest.xml:39:13-57
186            <intent-filter>
186-->[androidx.profileinstaller:profileinstaller:1.4.0] AndroidManifest.xml:40:13-42:29
187                <action android:name="androidx.profileinstaller.action.INSTALL_PROFILE" />
187-->[androidx.profileinstaller:profileinstaller:1.4.0] AndroidManifest.xml:41:17-91
187-->[androidx.profileinstaller:profileinstaller:1.4.0] AndroidManifest.xml:41:25-88
188            </intent-filter>
189            <intent-filter>
189-->[androidx.profileinstaller:profileinstaller:1.4.0] AndroidManifest.xml:43:13-45:29
190                <action android:name="androidx.profileinstaller.action.SKIP_FILE" />
190-->[androidx.profileinstaller:profileinstaller:1.4.0] AndroidManifest.xml:44:17-85
190-->[androidx.profileinstaller:profileinstaller:1.4.0] AndroidManifest.xml:44:25-82
191            </intent-filter>
192            <intent-filter>
192-->[androidx.profileinstaller:profileinstaller:1.4.0] AndroidManifest.xml:46:13-48:29
193                <action android:name="androidx.profileinstaller.action.SAVE_PROFILE" />
193-->[androidx.profileinstaller:profileinstaller:1.4.0] AndroidManifest.xml:47:17-88
193-->[androidx.profileinstaller:profileinstaller:1.4.0] AndroidManifest.xml:47:25-85
194            </intent-filter>
195            <intent-filter>
195-->[androidx.profileinstaller:profileinstaller:1.4.0] AndroidManifest.xml:49:13-51:29
196                <action android:name="androidx.profileinstaller.action.BENCHMARK_OPERATION" />
196-->[androidx.profileinstaller:profileinstaller:1.4.0] AndroidManifest.xml:50:17-95
196-->[androidx.profileinstaller:profileinstaller:1.4.0] AndroidManifest.xml:50:25-92
197            </intent-filter>
198        </receiver>
199    </application>
200
201</manifest>